<?xml version="1.0" encoding="UTF-8"?>
<testsuite xmlns:xsi="http://www.w3.org/2001/XMLSchema-instance" xsi:noNamespaceSchemaLocation="https://maven.apache.org/surefire/maven-surefire-plugin/xsd/surefire-test-report.xsd" name="TestSuite" time="148.189" tests="10" errors="0" skipped="0" failures="0">
  <properties>
    <property name="java.specification.version" value="21"/>
    <property name="sun.jnu.encoding" value="UTF-8"/>
    <property name="java.class.path" value="/Users/jayantakumarpanda/eclipse-workspace/AddressesCRUDOnSortlyUIAutomation/target/test-classes:/Users/jayantakumarpanda/eclipse-workspace/AddressesCRUDOnSortlyUIAutomation/target/classes:/Users/jayantakumarpanda/.m2/repository/org/seleniumhq/selenium/selenium-java/3.14.0/selenium-java-3.14.0.jar:/Users/jayantakumarpanda/.m2/repository/org/seleniumhq/selenium/selenium-api/3.14.0/selenium-api-3.14.0.jar:/Users/jayantakumarpanda/.m2/repository/org/seleniumhq/selenium/selenium-chrome-driver/3.14.0/selenium-chrome-driver-3.14.0.jar:/Users/jayantakumarpanda/.m2/repository/org/seleniumhq/selenium/selenium-edge-driver/3.14.0/selenium-edge-driver-3.14.0.jar:/Users/jayantakumarpanda/.m2/repository/org/seleniumhq/selenium/selenium-firefox-driver/3.14.0/selenium-firefox-driver-3.14.0.jar:/Users/jayantakumarpanda/.m2/repository/org/seleniumhq/selenium/selenium-ie-driver/3.14.0/selenium-ie-driver-3.14.0.jar:/Users/jayantakumarpanda/.m2/repository/org/seleniumhq/selenium/selenium-opera-driver/3.14.0/selenium-opera-driver-3.14.0.jar:/Users/jayantakumarpanda/.m2/repository/org/seleniumhq/selenium/selenium-remote-driver/3.14.0/selenium-remote-driver-3.14.0.jar:/Users/jayantakumarpanda/.m2/repository/org/seleniumhq/selenium/selenium-safari-driver/3.14.0/selenium-safari-driver-3.14.0.jar:/Users/jayantakumarpanda/.m2/repository/org/seleniumhq/selenium/selenium-support/3.14.0/selenium-support-3.14.0.jar:/Users/jayantakumarpanda/.m2/repository/net/bytebuddy/byte-buddy/1.8.15/byte-buddy-1.8.15.jar:/Users/jayantakumarpanda/.m2/repository/org/apache/commons/commons-exec/1.3/commons-exec-1.3.jar:/Users/jayantakumarpanda/.m2/repository/commons-codec/commons-codec/1.10/commons-codec-1.10.jar:/Users/jayantakumarpanda/.m2/repository/commons-logging/commons-logging/1.2/commons-logging-1.2.jar:/Users/jayantakumarpanda/.m2/repository/com/google/guava/guava/25.0-jre/guava-25.0-jre.jar:/Users/jayantakumarpanda/.m2/repository/com/google/code/findbugs/jsr305/1.3.9/jsr305-1.3.9.jar:/Users/jayantakumarpanda/.m2/repository/org/checkerframework/checker-compat-qual/2.0.0/checker-compat-qual-2.0.0.jar:/Users/jayantakumarpanda/.m2/repository/com/google/errorprone/error_prone_annotations/2.1.3/error_prone_annotations-2.1.3.jar:/Users/jayantakumarpanda/.m2/repository/com/google/j2objc/j2objc-annotations/1.1/j2objc-annotations-1.1.jar:/Users/jayantakumarpanda/.m2/repository/org/codehaus/mojo/animal-sniffer-annotations/1.14/animal-sniffer-annotations-1.14.jar:/Users/jayantakumarpanda/.m2/repository/org/apache/httpcomponents/httpclient/4.5.5/httpclient-4.5.5.jar:/Users/jayantakumarpanda/.m2/repository/org/apache/httpcomponents/httpcore/4.4.9/httpcore-4.4.9.jar:/Users/jayantakumarpanda/.m2/repository/com/squareup/okhttp3/okhttp/3.10.0/okhttp-3.10.0.jar:/Users/jayantakumarpanda/.m2/repository/com/squareup/okio/okio/1.14.1/okio-1.14.1.jar:/Users/jayantakumarpanda/.m2/repository/io/github/bonigarcia/webdrivermanager/5.6.3/webdrivermanager-5.6.3.jar:/Users/jayantakumarpanda/.m2/repository/org/slf4j/slf4j-api/2.0.10/slf4j-api-2.0.10.jar:/Users/jayantakumarpanda/.m2/repository/com/google/code/gson/gson/2.10.1/gson-2.10.1.jar:/Users/jayantakumarpanda/.m2/repository/com/github/docker-java/docker-java/3.3.4/docker-java-3.3.4.jar:/Users/jayantakumarpanda/.m2/repository/com/github/docker-java/docker-java-core/3.3.4/docker-java-core-3.3.4.jar:/Users/jayantakumarpanda/.m2/repository/com/github/docker-java/docker-java-api/3.3.4/docker-java-api-3.3.4.jar:/Users/jayantakumarpanda/.m2/repository/com/fasterxml/jackson/core/jackson-annotations/2.10.3/jackson-annotations-2.10.3.jar:/Users/jayantakumarpanda/.m2/repository/com/fasterxml/jackson/core/jackson-databind/2.10.3/jackson-databind-2.10.3.jar:/Users/jayantakumarpanda/.m2/repository/com/fasterxml/jackson/core/jackson-core/2.10.3/jackson-core-2.10.3.jar:/Users/jayantakumarpanda/.m2/repository/org/bouncycastle/bcpkix-jdk18on/1.76/bcpkix-jdk18on-1.76.jar:/Users/jayantakumarpanda/.m2/repository/org/bouncycastle/bcprov-jdk18on/1.76/bcprov-jdk18on-1.76.jar:/Users/jayantakumarpanda/.m2/repository/org/bouncycastle/bcutil-jdk18on/1.76/bcutil-jdk18on-1.76.jar:/Users/jayantakumarpanda/.m2/repository/org/slf4j/jcl-over-slf4j/1.7.30/jcl-over-slf4j-1.7.30.jar:/Users/jayantakumarpanda/.m2/repository/com/github/docker-java/docker-java-transport-httpclient5/3.3.4/docker-java-transport-httpclient5-3.3.4.jar:/Users/jayantakumarpanda/.m2/repository/com/github/docker-java/docker-java-transport/3.3.4/docker-java-transport-3.3.4.jar:/Users/jayantakumarpanda/.m2/repository/net/java/dev/jna/jna/5.13.0/jna-5.13.0.jar:/Users/jayantakumarpanda/.m2/repository/org/brotli/dec/0.1.2/dec-0.1.2.jar:/Users/jayantakumarpanda/.m2/repository/org/apache/commons/commons-lang3/3.14.0/commons-lang3-3.14.0.jar:/Users/jayantakumarpanda/.m2/repository/org/apache/commons/commons-compress/1.25.0/commons-compress-1.25.0.jar:/Users/jayantakumarpanda/.m2/repository/org/apache/httpcomponents/client5/httpclient5/5.2.1/httpclient5-5.2.1.jar:/Users/jayantakumarpanda/.m2/repository/org/apache/httpcomponents/core5/httpcore5/5.2/httpcore5-5.2.jar:/Users/jayantakumarpanda/.m2/repository/org/apache/httpcomponents/core5/httpcore5-h2/5.2/httpcore5-h2-5.2.jar:/Users/jayantakumarpanda/.m2/repository/org/testng/testng/7.9.0/testng-7.9.0.jar:/Users/jayantakumarpanda/.m2/repository/com/beust/jcommander/1.82/jcommander-1.82.jar:/Users/jayantakumarpanda/.m2/repository/org/webjars/jquery/3.7.1/jquery-3.7.1.jar:/Users/jayantakumarpanda/.m2/repository/org/apache/poi/poi/5.2.5/poi-5.2.5.jar:/Users/jayantakumarpanda/.m2/repository/org/apache/commons/commons-collections4/4.4/commons-collections4-4.4.jar:/Users/jayantakumarpanda/.m2/repository/org/apache/commons/commons-math3/3.6.1/commons-math3-3.6.1.jar:/Users/jayantakumarpanda/.m2/repository/commons-io/commons-io/2.15.0/commons-io-2.15.0.jar:/Users/jayantakumarpanda/.m2/repository/com/zaxxer/SparseBitSet/1.3/SparseBitSet-1.3.jar:/Users/jayantakumarpanda/.m2/repository/org/apache/logging/log4j/log4j-api/2.21.1/log4j-api-2.21.1.jar:/Users/jayantakumarpanda/.m2/repository/org/apache/poi/poi-ooxml/5.2.5/poi-ooxml-5.2.5.jar:/Users/jayantakumarpanda/.m2/repository/org/apache/poi/poi-ooxml-lite/5.2.5/poi-ooxml-lite-5.2.5.jar:/Users/jayantakumarpanda/.m2/repository/org/apache/xmlbeans/xmlbeans/5.2.0/xmlbeans-5.2.0.jar:/Users/jayantakumarpanda/.m2/repository/com/github/virtuald/curvesapi/1.08/curvesapi-1.08.jar:/Users/jayantakumarpanda/.m2/repository/org/apache/poi/poi-ooxml-schemas/4.1.2/poi-ooxml-schemas-4.1.2.jar:/Users/jayantakumarpanda/.m2/repository/org/apache/poi/poi-scratchpad/5.2.5/poi-scratchpad-5.2.5.jar:/Users/jayantakumarpanda/.m2/repository/org/apache/poi/ooxml-schemas/1.0/ooxml-schemas-1.0.jar:/Users/jayantakumarpanda/.m2/repository/org/apache/poi/openxml4j/1.0-beta/openxml4j-1.0-beta.jar:/Users/jayantakumarpanda/.m2/repository/dom4j/dom4j/1.6.1/dom4j-1.6.1.jar:/Users/jayantakumarpanda/.m2/repository/xml-apis/xml-apis/1.0.b2/xml-apis-1.0.b2.jar:/Users/jayantakumarpanda/.m2/repository/log4j/log4j/1.2.8/log4j-1.2.8.jar:/Users/jayantakumarpanda/.m2/repository/org/apache/logging/log4j/log4j-to-slf4j/2.8.2/log4j-to-slf4j-2.8.2.jar:/Users/jayantakumarpanda/.m2/repository/com/relevantcodes/extentreports/2.41.2/extentreports-2.41.2.jar:/Users/jayantakumarpanda/.m2/repository/org/jsoup/jsoup/1.8.3/jsoup-1.8.3.jar:/Users/jayantakumarpanda/.m2/repository/org/xerial/sqlite-jdbc/3.8.11.1/sqlite-jdbc-3.8.11.1.jar:/Users/jayantakumarpanda/.m2/repository/org/freemarker/freemarker/2.3.23/freemarker-2.3.23.jar:/Users/jayantakumarpanda/.m2/repository/org/mongodb/mongodb-driver/3.0.4/mongodb-driver-3.0.4.jar:/Users/jayantakumarpanda/.m2/repository/org/mongodb/bson/3.0.4/bson-3.0.4.jar:/Users/jayantakumarpanda/.m2/repository/org/mongodb/mongodb-driver-core/3.0.4/mongodb-driver-core-3.0.4.jar:"/>
    <property name="java.vm.vendor" value="Oracle Corporation"/>
    <property name="sun.arch.data.model" value="64"/>
    <property name="java.vendor.url" value="https://java.oracle.com/"/>
    <property name="os.name" value="Mac OS X"/>
    <property name="java.vm.specification.version" value="21"/>
    <property name="sun.java.launcher" value="SUN_STANDARD"/>
    <property name="user.country" value="GB"/>
    <property name="sun.boot.library.path" value="/Library/Java/JavaVirtualMachines/jdk-21.jdk/Contents/Home/lib"/>
    <property name="sun.java.command" value="/Users/jayantakumarpanda/eclipse-workspace/AddressesCRUDOnSortlyUIAutomation/target/surefire/surefirebooter13237170206424800259.jar /Users/jayantakumarpanda/eclipse-workspace/AddressesCRUDOnSortlyUIAutomation/target/surefire 2024-02-28T13-51-22_828-jvmRun1 surefire6980204800295740396tmp surefire_06021521403177031987tmp"/>
    <property name="http.nonProxyHosts" value="local|*.local|169.254/16|*.169.254/16"/>
    <property name="jdk.debug" value="release"/>
    <property name="surefire.test.class.path" value="/Users/jayantakumarpanda/eclipse-workspace/AddressesCRUDOnSortlyUIAutomation/target/test-classes:/Users/jayantakumarpanda/eclipse-workspace/AddressesCRUDOnSortlyUIAutomation/target/classes:/Users/jayantakumarpanda/.m2/repository/org/seleniumhq/selenium/selenium-java/3.14.0/selenium-java-3.14.0.jar:/Users/jayantakumarpanda/.m2/repository/org/seleniumhq/selenium/selenium-api/3.14.0/selenium-api-3.14.0.jar:/Users/jayantakumarpanda/.m2/repository/org/seleniumhq/selenium/selenium-chrome-driver/3.14.0/selenium-chrome-driver-3.14.0.jar:/Users/jayantakumarpanda/.m2/repository/org/seleniumhq/selenium/selenium-edge-driver/3.14.0/selenium-edge-driver-3.14.0.jar:/Users/jayantakumarpanda/.m2/repository/org/seleniumhq/selenium/selenium-firefox-driver/3.14.0/selenium-firefox-driver-3.14.0.jar:/Users/jayantakumarpanda/.m2/repository/org/seleniumhq/selenium/selenium-ie-driver/3.14.0/selenium-ie-driver-3.14.0.jar:/Users/jayantakumarpanda/.m2/repository/org/seleniumhq/selenium/selenium-opera-driver/3.14.0/selenium-opera-driver-3.14.0.jar:/Users/jayantakumarpanda/.m2/repository/org/seleniumhq/selenium/selenium-remote-driver/3.14.0/selenium-remote-driver-3.14.0.jar:/Users/jayantakumarpanda/.m2/repository/org/seleniumhq/selenium/selenium-safari-driver/3.14.0/selenium-safari-driver-3.14.0.jar:/Users/jayantakumarpanda/.m2/repository/org/seleniumhq/selenium/selenium-support/3.14.0/selenium-support-3.14.0.jar:/Users/jayantakumarpanda/.m2/repository/net/bytebuddy/byte-buddy/1.8.15/byte-buddy-1.8.15.jar:/Users/jayantakumarpanda/.m2/repository/org/apache/commons/commons-exec/1.3/commons-exec-1.3.jar:/Users/jayantakumarpanda/.m2/repository/commons-codec/commons-codec/1.10/commons-codec-1.10.jar:/Users/jayantakumarpanda/.m2/repository/commons-logging/commons-logging/1.2/commons-logging-1.2.jar:/Users/jayantakumarpanda/.m2/repository/com/google/guava/guava/25.0-jre/guava-25.0-jre.jar:/Users/jayantakumarpanda/.m2/repository/com/google/code/findbugs/jsr305/1.3.9/jsr305-1.3.9.jar:/Users/jayantakumarpanda/.m2/repository/org/checkerframework/checker-compat-qual/2.0.0/checker-compat-qual-2.0.0.jar:/Users/jayantakumarpanda/.m2/repository/com/google/errorprone/error_prone_annotations/2.1.3/error_prone_annotations-2.1.3.jar:/Users/jayantakumarpanda/.m2/repository/com/google/j2objc/j2objc-annotations/1.1/j2objc-annotations-1.1.jar:/Users/jayantakumarpanda/.m2/repository/org/codehaus/mojo/animal-sniffer-annotations/1.14/animal-sniffer-annotations-1.14.jar:/Users/jayantakumarpanda/.m2/repository/org/apache/httpcomponents/httpclient/4.5.5/httpclient-4.5.5.jar:/Users/jayantakumarpanda/.m2/repository/org/apache/httpcomponents/httpcore/4.4.9/httpcore-4.4.9.jar:/Users/jayantakumarpanda/.m2/repository/com/squareup/okhttp3/okhttp/3.10.0/okhttp-3.10.0.jar:/Users/jayantakumarpanda/.m2/repository/com/squareup/okio/okio/1.14.1/okio-1.14.1.jar:/Users/jayantakumarpanda/.m2/repository/io/github/bonigarcia/webdrivermanager/5.6.3/webdrivermanager-5.6.3.jar:/Users/jayantakumarpanda/.m2/repository/org/slf4j/slf4j-api/2.0.10/slf4j-api-2.0.10.jar:/Users/jayantakumarpanda/.m2/repository/com/google/code/gson/gson/2.10.1/gson-2.10.1.jar:/Users/jayantakumarpanda/.m2/repository/com/github/docker-java/docker-java/3.3.4/docker-java-3.3.4.jar:/Users/jayantakumarpanda/.m2/repository/com/github/docker-java/docker-java-core/3.3.4/docker-java-core-3.3.4.jar:/Users/jayantakumarpanda/.m2/repository/com/github/docker-java/docker-java-api/3.3.4/docker-java-api-3.3.4.jar:/Users/jayantakumarpanda/.m2/repository/com/fasterxml/jackson/core/jackson-annotations/2.10.3/jackson-annotations-2.10.3.jar:/Users/jayantakumarpanda/.m2/repository/com/fasterxml/jackson/core/jackson-databind/2.10.3/jackson-databind-2.10.3.jar:/Users/jayantakumarpanda/.m2/repository/com/fasterxml/jackson/core/jackson-core/2.10.3/jackson-core-2.10.3.jar:/Users/jayantakumarpanda/.m2/repository/org/bouncycastle/bcpkix-jdk18on/1.76/bcpkix-jdk18on-1.76.jar:/Users/jayantakumarpanda/.m2/repository/org/bouncycastle/bcprov-jdk18on/1.76/bcprov-jdk18on-1.76.jar:/Users/jayantakumarpanda/.m2/repository/org/bouncycastle/bcutil-jdk18on/1.76/bcutil-jdk18on-1.76.jar:/Users/jayantakumarpanda/.m2/repository/org/slf4j/jcl-over-slf4j/1.7.30/jcl-over-slf4j-1.7.30.jar:/Users/jayantakumarpanda/.m2/repository/com/github/docker-java/docker-java-transport-httpclient5/3.3.4/docker-java-transport-httpclient5-3.3.4.jar:/Users/jayantakumarpanda/.m2/repository/com/github/docker-java/docker-java-transport/3.3.4/docker-java-transport-3.3.4.jar:/Users/jayantakumarpanda/.m2/repository/net/java/dev/jna/jna/5.13.0/jna-5.13.0.jar:/Users/jayantakumarpanda/.m2/repository/org/brotli/dec/0.1.2/dec-0.1.2.jar:/Users/jayantakumarpanda/.m2/repository/org/apache/commons/commons-lang3/3.14.0/commons-lang3-3.14.0.jar:/Users/jayantakumarpanda/.m2/repository/org/apache/commons/commons-compress/1.25.0/commons-compress-1.25.0.jar:/Users/jayantakumarpanda/.m2/repository/org/apache/httpcomponents/client5/httpclient5/5.2.1/httpclient5-5.2.1.jar:/Users/jayantakumarpanda/.m2/repository/org/apache/httpcomponents/core5/httpcore5/5.2/httpcore5-5.2.jar:/Users/jayantakumarpanda/.m2/repository/org/apache/httpcomponents/core5/httpcore5-h2/5.2/httpcore5-h2-5.2.jar:/Users/jayantakumarpanda/.m2/repository/org/testng/testng/7.9.0/testng-7.9.0.jar:/Users/jayantakumarpanda/.m2/repository/com/beust/jcommander/1.82/jcommander-1.82.jar:/Users/jayantakumarpanda/.m2/repository/org/webjars/jquery/3.7.1/jquery-3.7.1.jar:/Users/jayantakumarpanda/.m2/repository/org/apache/poi/poi/5.2.5/poi-5.2.5.jar:/Users/jayantakumarpanda/.m2/repository/org/apache/commons/commons-collections4/4.4/commons-collections4-4.4.jar:/Users/jayantakumarpanda/.m2/repository/org/apache/commons/commons-math3/3.6.1/commons-math3-3.6.1.jar:/Users/jayantakumarpanda/.m2/repository/commons-io/commons-io/2.15.0/commons-io-2.15.0.jar:/Users/jayantakumarpanda/.m2/repository/com/zaxxer/SparseBitSet/1.3/SparseBitSet-1.3.jar:/Users/jayantakumarpanda/.m2/repository/org/apache/logging/log4j/log4j-api/2.21.1/log4j-api-2.21.1.jar:/Users/jayantakumarpanda/.m2/repository/org/apache/poi/poi-ooxml/5.2.5/poi-ooxml-5.2.5.jar:/Users/jayantakumarpanda/.m2/repository/org/apache/poi/poi-ooxml-lite/5.2.5/poi-ooxml-lite-5.2.5.jar:/Users/jayantakumarpanda/.m2/repository/org/apache/xmlbeans/xmlbeans/5.2.0/xmlbeans-5.2.0.jar:/Users/jayantakumarpanda/.m2/repository/com/github/virtuald/curvesapi/1.08/curvesapi-1.08.jar:/Users/jayantakumarpanda/.m2/repository/org/apache/poi/poi-ooxml-schemas/4.1.2/poi-ooxml-schemas-4.1.2.jar:/Users/jayantakumarpanda/.m2/repository/org/apache/poi/poi-scratchpad/5.2.5/poi-scratchpad-5.2.5.jar:/Users/jayantakumarpanda/.m2/repository/org/apache/poi/ooxml-schemas/1.0/ooxml-schemas-1.0.jar:/Users/jayantakumarpanda/.m2/repository/org/apache/poi/openxml4j/1.0-beta/openxml4j-1.0-beta.jar:/Users/jayantakumarpanda/.m2/repository/dom4j/dom4j/1.6.1/dom4j-1.6.1.jar:/Users/jayantakumarpanda/.m2/repository/xml-apis/xml-apis/1.0.b2/xml-apis-1.0.b2.jar:/Users/jayantakumarpanda/.m2/repository/log4j/log4j/1.2.8/log4j-1.2.8.jar:/Users/jayantakumarpanda/.m2/repository/org/apache/logging/log4j/log4j-to-slf4j/2.8.2/log4j-to-slf4j-2.8.2.jar:/Users/jayantakumarpanda/.m2/repository/com/relevantcodes/extentreports/2.41.2/extentreports-2.41.2.jar:/Users/jayantakumarpanda/.m2/repository/org/jsoup/jsoup/1.8.3/jsoup-1.8.3.jar:/Users/jayantakumarpanda/.m2/repository/org/xerial/sqlite-jdbc/3.8.11.1/sqlite-jdbc-3.8.11.1.jar:/Users/jayantakumarpanda/.m2/repository/org/freemarker/freemarker/2.3.23/freemarker-2.3.23.jar:/Users/jayantakumarpanda/.m2/repository/org/mongodb/mongodb-driver/3.0.4/mongodb-driver-3.0.4.jar:/Users/jayantakumarpanda/.m2/repository/org/mongodb/bson/3.0.4/bson-3.0.4.jar:/Users/jayantakumarpanda/.m2/repository/org/mongodb/mongodb-driver-core/3.0.4/mongodb-driver-core-3.0.4.jar:"/>
    <property name="sun.cpu.endian" value="little"/>
    <property name="user.home" value="/Users/jayantakumarpanda"/>
    <property name="user.language" value="en"/>
    <property name="java.specification.vendor" value="Oracle Corporation"/>
    <property name="java.version.date" value="2024-01-16"/>
    <property name="java.home" value="/Library/Java/JavaVirtualMachines/jdk-21.jdk/Contents/Home"/>
    <property name="file.separator" value="/"/>
    <property name="basedir" value="/Users/jayantakumarpanda/eclipse-workspace/AddressesCRUDOnSortlyUIAutomation"/>
    <property name="java.vm.compressedOopsMode" value="Zero based"/>
    <property name="line.separator" value="&#10;"/>
    <property name="java.vm.specification.vendor" value="Oracle Corporation"/>
    <property name="java.specification.name" value="Java Platform API Specification"/>
    <property name="apple.awt.application.name" value="ForkedBooter"/>
    <property name="surefire.real.class.path" value="/Users/jayantakumarpanda/eclipse-workspace/AddressesCRUDOnSortlyUIAutomation/target/surefire/surefirebooter13237170206424800259.jar"/>
    <property name="sun.management.compiler" value="HotSpot 64-Bit Tiered Compilers"/>
    <property name="ftp.nonProxyHosts" value="local|*.local|169.254/16|*.169.254/16"/>
    <property name="java.runtime.version" value="21.0.2+13-LTS-58"/>
    <property name="user.name" value="jayantakumarpanda"/>
    <property name="stdout.encoding" value="UTF-8"/>
    <property name="path.separator" value=":"/>
    <property name="os.version" value="14.1.2"/>
    <property name="java.runtime.name" value="Java(TM) SE Runtime Environment"/>
    <property name="file.encoding" value="UTF-8"/>
    <property name="java.vm.name" value="Java HotSpot(TM) 64-Bit Server VM"/>
    <property name="localRepository" value="/Users/jayantakumarpanda/.m2/repository"/>
    <property name="java.vendor.url.bug" value="https://bugreport.java.com/bugreport/"/>
    <property name="java.io.tmpdir" value="/var/folders/_v/qkvcqz1j2td2h7l7w8tgcpk00000gn/T/"/>
    <property name="java.version" value="21.0.2"/>
    <property name="user.dir" value="/Users/jayantakumarpanda/eclipse-workspace/AddressesCRUDOnSortlyUIAutomation"/>
    <property name="os.arch" value="x86_64"/>
    <property name="java.vm.specification.name" value="Java Virtual Machine Specification"/>
    <property name="native.encoding" value="UTF-8"/>
    <property name="java.library.path" value="/Users/jayantakumarpanda/Library/Java/Extensions:/Library/Java/Extensions:/Network/Library/Java/Extensions:/System/Library/Java/Extensions:/usr/lib/java:."/>
    <property name="java.vm.info" value="mixed mode, sharing"/>
    <property name="stderr.encoding" value="UTF-8"/>
    <property name="java.vendor" value="Oracle Corporation"/>
    <property name="java.vm.version" value="21.0.2+13-LTS-58"/>
    <property name="sun.io.unicode.encoding" value="UnicodeBig"/>
    <property name="socksNonProxyHosts" value="local|*.local|169.254/16|*.169.254/16"/>
    <property name="java.class.version" value="65.0"/>
  </properties>
  <testcase name="verifyHomePageTitleTest" classname="com.sortly.qa.testcases.HomePageTest" time="0.009"/>
  <testcase name="verifyAddressesLinkTest" classname="com.sortly.qa.testcases.HomePageTest" time="6.401"/>
  <testcase name="validateCreateNewAddress" classname="com.sortly.qa.testcases.AddressPageTest" time="9.34"/>
  <testcase name="validateCreateNewAddress" classname="com.sortly.qa.testcases.AddressPageTest" time="9.148"/>
  <testcase name="validateCreateNewAddress" classname="com.sortly.qa.testcases.AddressPageTest" time="9.271"/>
  <testcase name="validateDeleteAddress" classname="com.sortly.qa.testcases.AddressPageTest" time="3.444"/>
  <testcase name="validateUpdateName" classname="com.sortly.qa.testcases.AddressPageTest" time="8.697"/>
  <testcase name="loginPageTitleTest" classname="com.sortly.qa.testcases.LoginPageTest" time="0.005"/>
  <testcase name="loginTestOwner" classname="com.sortly.qa.testcases.LoginPageTest" time="2.014"/>
  <testcase name="loginTestTeamMember" classname="com.sortly.qa.testcases.LoginPageTest" time="2.263"/>
</testsuite>