<?xml version="1.0" encoding="UTF-8"?>
<!-- Generated by org.testng.reporters.JUnitReportReporter -->
<testsuite hostname="C02D3KNNMD6M" failures="0" tests="2" name="com.sortly.qa.testcases.HomePageTestTM" time="19.698" errors="0" timestamp="2024-02-28T13:50:33 IST" skipped="0">
  <testcase classname="com.sortly.qa.testcases.HomePageTestTM" name="verifyHomePageTitleTest" time="6.887"/>
  <system-out/>
  <testcase classname="com.sortly.qa.testcases.HomePageTestTM" name="verifyAddressesLinkTest" time="12.811"/>
  <system-out/>
</testsuite> <!-- com.sortly.qa.testcases.HomePageTestTM -->
