<?xml version="1.0" encoding="UTF-8"?>
<!-- Generated by org.testng.reporters.JUnitReportReporter -->
<testsuite hostname="C02D3KNNMD6M" failures="0" tests="3" name="com.sortly.qa.testcases.LoginPageTest" time="19.307" errors="0" timestamp="2024-02-26T13:00:46 IST" skipped="0">
  <testcase classname="com.sortly.qa.testcases.LoginPageTest" name="loginPageTitleTest" time="5.803"/>
  <system-out/>
  <testcase classname="com.sortly.qa.testcases.LoginPageTest" name="loginTestOwner" time="6.715"/>
  <system-out/>
  <testcase classname="com.sortly.qa.testcases.LoginPageTest" name="loginTestTeamMember" time="6.789"/>
  <system-out/>
</testsuite> <!-- com.sortly.qa.testcases.LoginPageTest -->
