<?xml version="1.0" encoding="UTF-8"?>
<!-- Generated by org.testng.reporters.JUnitReportReporter -->
<testsuite hostname="C02D3KNNMD6M" failures="0" tests="1" name="com.sortly.qa.testcases.SettingPageTest" time="20.000" errors="0" timestamp="2024-02-21T17:12:14 IST" skipped="0">
  <testcase classname="com.sortly.qa.testcases.SettingPageTest" name="verifyAddressLinkTest" time="20.000"/>
  <system-out/>
</testsuite> <!-- com.sortly.qa.testcases.SettingPageTest -->
