<?xml version="1.0" encoding="UTF-8"?>
<!-- Generated by org.testng.reporters.JUnitReportReporter -->
<testsuite hostname="C02D3KNNMD6M" failures="0" tests="5" name="com.sortly.qa.testcases.AddressPageTest" time="114.233" errors="0" timestamp="2024-02-28T13:50:33 IST" skipped="0">
  <testcase classname="com.sortly.qa.testcases.AddressPageTest" name="validateCreateNewAddress" time="22.179"/>
  <system-out/>
  <testcase classname="com.sortly.qa.testcases.AddressPageTest" name="validateCreateNewAddress" time="22.339"/>
  <system-out/>
  <testcase classname="com.sortly.qa.testcases.AddressPageTest" name="validateCreateNewAddress" time="30.426"/>
  <system-out/>
  <testcase classname="com.sortly.qa.testcases.AddressPageTest" name="validateDeleteAddress" time="16.972"/>
  <system-out/>
  <testcase classname="com.sortly.qa.testcases.AddressPageTest" name="validateUpdateName" time="22.317"/>
  <system-out/>
</testsuite> <!-- com.sortly.qa.testcases.AddressPageTest -->
