<?xml version="1.0" encoding="UTF-8"?>
<!-- Generated by org.testng.reporters.JUnitReportReporter -->
<testsuite hostname="C02D3KNNMD6M" failures="0" tests="2" name="com.sortly.qa.testcases.HomePageTest" time="19.765" errors="0" timestamp="2024-02-26T13:00:46 IST" skipped="0">
  <testcase classname="com.sortly.qa.testcases.HomePageTest" name="verifyHomePageTitleTest" time="6.913"/>
  <system-out/>
  <testcase classname="com.sortly.qa.testcases.HomePageTest" name="verifyAddressesLinkTest" time="12.852"/>
  <system-out/>
</testsuite> <!-- com.sortly.qa.testcases.HomePageTest -->
