<?xml version="1.0" encoding="UTF-8"?>
<!-- Generated by org.testng.reporters.JUnitReportReporter -->
<testsuite hostname="C02D3KNNMD6M" failures="0" tests="5" name="com.sortly.qa.testcases.AddressPageTest" time="106.229" errors="0" timestamp="2024-02-28T13:53:51 IST" skipped="0">
  <testcase classname="com.sortly.qa.testcases.AddressPageTest" name="validateCreateNewAddress" time="22.645"/>
  <testcase classname="com.sortly.qa.testcases.AddressPageTest" name="validateCreateNewAddress" time="22.967"/>
  <testcase classname="com.sortly.qa.testcases.AddressPageTest" name="validateCreateNewAddress" time="22.646"/>
  <testcase classname="com.sortly.qa.testcases.AddressPageTest" name="validateDeleteAddress" time="16.076"/>
  <testcase classname="com.sortly.qa.testcases.AddressPageTest" name="validateUpdateName" time="21.895"/>
</testsuite> <!-- com.sortly.qa.testcases.AddressPageTest -->
