<?xml version="1.0" encoding="UTF-8"?>
<!-- Generated by org.testng.reporters.JUnitReportReporter -->
<testsuite hostname="C02D3KNNMD6M" failures="0" tests="2" name="com.sortly.qa.testcases.HomePageTest" time="22.100" errors="0" timestamp="2024-02-28T13:53:51 IST" skipped="0">
  <testcase classname="com.sortly.qa.testcases.HomePageTest" name="verifyHomePageTitleTest" time="6.921"/>
  <testcase classname="com.sortly.qa.testcases.HomePageTest" name="verifyAddressesLinkTest" time="15.179"/>
</testsuite> <!-- com.sortly.qa.testcases.HomePageTest -->
