<?xml version="1.0" encoding="UTF-8"?>
<!-- Generated by org.testng.reporters.JUnitReportReporter -->
<testsuite hostname="C02D3KNNMD6M" failures="0" tests="3" name="com.sortly.qa.testcases.LoginPageTest" time="18.465" errors="0" timestamp="2024-02-28T13:53:51 IST" skipped="0">
  <testcase classname="com.sortly.qa.testcases.LoginPageTest" name="loginPageTitleTest" time="4.751"/>
  <testcase classname="com.sortly.qa.testcases.LoginPageTest" name="loginTestOwner" time="6.807"/>
  <testcase classname="com.sortly.qa.testcases.LoginPageTest" name="loginTestTeamMember" time="6.907"/>
</testsuite> <!-- com.sortly.qa.testcases.LoginPageTest -->
